@!@!@STARTMSG 2262:0 @!@!@
TLC2 Version 2.16 of 31 December 2020 (rev: cdddf55)
@!@!@ENDMSG 2262 @!@!@
@!@!@STARTMSG 2187:0 @!@!@
Running breadth-first search Model-Checking with fp 25 and seed 6397935225890253091 with 2 workers on 4 cores with 569MB heap and 1278MB offheap memory [pid: 30756] (Linux 4.15.0-204-generic amd64, AdoptOpenJDK 14.0.1 x86_64, OffHeapDiskFPSet, DiskStateQueue).
@!@!@ENDMSG 2187 @!@!@
@!@!@STARTMSG 2220:0 @!@!@
Starting SANY...
@!@!@ENDMSG 2220 @!@!@
Parsing file /home/112102006/Desktop/avionics-sensor-voter/three_sensors.toolbox/2nd model/MC.tla
Parsing file /home/112102006/Desktop/avionics-sensor-voter/three_sensors.toolbox/2nd model/three_sensors.tla
Parsing file /opt/toolbox/plugins/org.lamport.tlatools_1.0.0.202012311918/tla2sany/StandardModules/TLC.tla
Parsing file /opt/toolbox/plugins/org.lamport.tlatools_1.0.0.202012311918/tla2sany/StandardModules/Integers.tla
Parsing file /home/112102006/Desktop/avionics-sensor-voter/three_sensors.toolbox/2nd model/realWorld.tla
Parsing file /home/112102006/Desktop/avionics-sensor-voter/three_sensors.toolbox/2nd model/sensor1.tla
Parsing file /home/112102006/Desktop/avionics-sensor-voter/three_sensors.toolbox/2nd model/sensor2.tla
Parsing file /home/112102006/Desktop/avionics-sensor-voter/three_sensors.toolbox/2nd model/sensor3.tla
Parsing file /opt/toolbox/plugins/org.lamport.tlatools_1.0.0.202012311918/tla2sany/StandardModules/Naturals.tla
Parsing file /opt/toolbox/plugins/org.lamport.tlatools_1.0.0.202012311918/tla2sany/StandardModules/Sequences.tla
Parsing file /opt/toolbox/plugins/org.lamport.tlatools_1.0.0.202012311918/tla2sany/StandardModules/FiniteSets.tla
Semantic processing of module Naturals
Semantic processing of module Integers
Semantic processing of module realWorld
Semantic processing of module sensor1
Semantic processing of module sensor2
Semantic processing of module sensor3
Semantic processing of module three_sensors
Semantic processing of module Sequences
Semantic processing of module FiniteSets
Semantic processing of module TLC
Semantic processing of module MC
@!@!@STARTMSG 2219:0 @!@!@
SANY finished.
@!@!@ENDMSG 2219 @!@!@
@!@!@STARTMSG 2185:0 @!@!@
Starting... (2023-02-23 21:17:36)
@!@!@ENDMSG 2185 @!@!@
@!@!@STARTMSG 2189:0 @!@!@
Computing initial states...
@!@!@ENDMSG 2189 @!@!@
@!@!@STARTMSG 2269:0 @!@!@
Computed 2 initial states...
@!@!@ENDMSG 2269 @!@!@
@!@!@STARTMSG 2269:0 @!@!@
Computed 4 initial states...
@!@!@ENDMSG 2269 @!@!@
@!@!@STARTMSG 2269:0 @!@!@
Computed 8 initial states...
@!@!@ENDMSG 2269 @!@!@
@!@!@STARTMSG 2269:0 @!@!@
Computed 16 initial states...
@!@!@ENDMSG 2269 @!@!@
@!@!@STARTMSG 2269:0 @!@!@
Computed 32 initial states...
@!@!@ENDMSG 2269 @!@!@
@!@!@STARTMSG 2269:0 @!@!@
Computed 64 initial states...
@!@!@ENDMSG 2269 @!@!@
@!@!@STARTMSG 2269:0 @!@!@
Computed 128 initial states...
@!@!@ENDMSG 2269 @!@!@
@!@!@STARTMSG 2269:0 @!@!@
Computed 256 initial states...
@!@!@ENDMSG 2269 @!@!@
@!@!@STARTMSG 2190:0 @!@!@
Finished computing initial states: 351 distinct states generated at 2023-02-23 21:17:36.
@!@!@ENDMSG 2190 @!@!@
@!@!@STARTMSG 1000:1 @!@!@
TLC threw an unexpected exception.
This was probably caused by an error in the spec or model.
See the User Output or TLC Console for clues to what happened.
The exception was a java.lang.RuntimeException
: @!@!@STARTMSG 2280:0 @!@!@
In evaluation, the identifier numActive is either undefined or not an operator.
line 95, col 17 to line 95, col 25 of module three_sensors
@!@!@ENDMSG 2280 @!@!@
@!@!@ENDMSG 1000 @!@!@
@!@!@STARTMSG 2121:1 @!@!@
The behavior up to this point is:
@!@!@ENDMSG 2121 @!@!@
@!@!@STARTMSG 2217:4 @!@!@
1: <Initial predicate>
/\ outputValid = TRUE
/\ noise1 = -1
/\ noise2 = -1
/\ noise3 = -1
/\ fault1 = 0
/\ fault2 = 0
/\ fault3 = 0
/\ hw_count1 = 0
/\ world_val = -6
/\ hw_count2 = 0
/\ hw_count3 = 0
/\ hw_valid1 = TRUE
/\ hw_valid2 = TRUE
/\ hw_valid3 = TRUE
/\ numActive = 3
/\ isolated1 = FALSE
/\ isolated2 = FALSE
/\ isolated3 = FALSE
/\ mc_count1 = 0
/\ mc_count2 = 0
/\ mc_count3 = 0
/\ signal1 = -6
/\ signal2 = -6
/\ signal3 = -6

@!@!@ENDMSG 2217 @!@!@
@!@!@STARTMSG 2103:1 @!@!@
The error occurred when TLC was evaluating the nested
expressions at the following positions:
0. Line 180, column 9 to line 180, column 166 in three_sensors
1. Line 180, column 9 to line 180, column 147 in three_sensors
2. Line 180, column 9 to line 180, column 130 in three_sensors
3. Line 180, column 9 to line 180, column 109 in three_sensors
4. Line 180, column 9 to line 180, column 88 in three_sensors
5. Line 180, column 9 to line 180, column 66 in three_sensors
6. Line 180, column 9 to line 180, column 50 in three_sensors
7. Line 180, column 9 to line 180, column 34 in three_sensors
8. Line 180, column 9 to line 180, column 18 in three_sensors
9. Line 7, column 15 to line 7, column 34 in realWorld
10. Line 180, column 23 to line 180, column 34 in three_sensors
11. Line 15, column 17 to line 15, column 169 in sensor1
12. Line 15, column 17 to line 15, column 146 in sensor1
13. Line 15, column 17 to line 15, column 125 in sensor1
14. Line 15, column 17 to line 15, column 92 in sensor1
15. Line 15, column 17 to line 15, column 57 in sensor1
16. Line 15, column 18 to line 15, column 33 in sensor1
17. Line 15, column 40 to line 15, column 56 in sensor1
18. Line 15, column 63 to line 15, column 91 in sensor1
19. Line 15, column 98 to line 15, column 124 in sensor1
20. Line 15, column 130 to line 15, column 146 in sensor1
21. Line 5, column 22 to line 7, column 54 in sensor1
22. Line 6, column 26 to line 6, column 67 in sensor1
23. Line 15, column 151 to line 15, column 169 in sensor1
24. Line 9, column 24 to line 11, column 55 in sensor1
25. Line 10, column 28 to line 10, column 44 in sensor1
26. Line 180, column 39 to line 180, column 50 in three_sensors
27. Line 15, column 17 to line 15, column 169 in sensor2
28. Line 15, column 17 to line 15, column 146 in sensor2
29. Line 15, column 17 to line 15, column 125 in sensor2
30. Line 15, column 17 to line 15, column 92 in sensor2
31. Line 15, column 17 to line 15, column 57 in sensor2
32. Line 15, column 18 to line 15, column 33 in sensor2
33. Line 15, column 40 to line 15, column 56 in sensor2
34. Line 15, column 63 to line 15, column 91 in sensor2
35. Line 15, column 98 to line 15, column 124 in sensor2
36. Line 15, column 130 to line 15, column 146 in sensor2
37. Line 5, column 22 to line 7, column 54 in sensor2
38. Line 6, column 26 to line 6, column 67 in sensor2
39. Line 15, column 151 to line 15, column 169 in sensor2
40. Line 9, column 24 to line 11, column 55 in sensor2
41. Line 10, column 28 to line 10, column 44 in sensor2
42. Line 180, column 55 to line 180, column 66 in three_sensors
43. Line 15, column 17 to line 15, column 169 in sensor3
44. Line 15, column 17 to line 15, column 146 in sensor3
45. Line 15, column 17 to line 15, column 125 in sensor3
46. Line 15, column 17 to line 15, column 92 in sensor3
47. Line 15, column 17 to line 15, column 57 in sensor3
48. Line 15, column 18 to line 15, column 33 in sensor3
49. Line 15, column 40 to line 15, column 56 in sensor3
50. Line 15, column 63 to line 15, column 91 in sensor3
51. Line 15, column 98 to line 15, column 124 in sensor3
52. Line 15, column 130 to line 15, column 146 in sensor3
53. Line 5, column 22 to line 7, column 54 in sensor3
54. Line 6, column 26 to line 6, column 67 in sensor3
55. Line 15, column 151 to line 15, column 169 in sensor3
56. Line 9, column 24 to line 11, column 55 in sensor3
57. Line 10, column 28 to line 10, column 44 in sensor3
58. Line 180, column 71 to line 180, column 88 in three_sensors
59. Line 46, column 23 to line 46, column 129 in three_sensors
60. Line 46, column 23 to line 46, column 92 in three_sensors
61. Line 46, column 24 to line 46, column 54 in three_sensors
62. Line 46, column 24 to line 46, column 31 in three_sensors
63. Line 20, column 13 to line 20, column 38 in three_sensors
64. Line 20, column 28 to line 20, column 38 in three_sensors
65. Line 16, column 16 to line 18, column 25 in three_sensors
66. Line 17, column 21 to line 17, column 35 in three_sensors
67. Line 46, column 61 to line 46, column 91 in three_sensors
68. Line 46, column 61 to line 46, column 68 in three_sensors
69. Line 32, column 13 to line 32, column 38 in three_sensors
70. Line 32, column 28 to line 32, column 38 in three_sensors
71. Line 28, column 16 to line 30, column 25 in three_sensors
72. Line 29, column 21 to line 29, column 35 in three_sensors
73. Line 46, column 98 to line 46, column 128 in three_sensors
74. Line 46, column 98 to line 46, column 105 in three_sensors
75. Line 44, column 13 to line 44, column 38 in three_sensors
76. Line 44, column 28 to line 44, column 38 in three_sensors
77. Line 40, column 16 to line 42, column 25 in three_sensors
78. Line 41, column 21 to line 41, column 35 in three_sensors
79. Line 180, column 93 to line 180, column 109 in three_sensors
80. Line 89, column 22 to line 91, column 82 in three_sensors
81. Line 89, column 26 to line 89, column 81 in three_sensors
82. Line 89, column 26 to line 89, column 58 in three_sensors
83. Line 89, column 26 to line 89, column 39 in three_sensors
84. Line 61, column 19 to line 63, column 27 in three_sensors
85. Line 62, column 24 to line 62, column 47 in three_sensors
86. Line 90, column 26 to line 90, column 81 in three_sensors
87. Line 90, column 26 to line 90, column 58 in three_sensors
88. Line 90, column 26 to line 90, column 39 in three_sensors
89. Line 65, column 19 to line 67, column 27 in three_sensors
90. Line 66, column 24 to line 66, column 47 in three_sensors
91. Line 91, column 26 to line 91, column 81 in three_sensors
92. Line 91, column 26 to line 91, column 58 in three_sensors
93. Line 91, column 26 to line 91, column 39 in three_sensors
94. Line 69, column 19 to line 71, column 27 in three_sensors
95. Line 70, column 24 to line 70, column 47 in three_sensors
96. Line 180, column 114 to line 180, column 130 in three_sensors
97. Line 165, column 22 to line 167, column 112 in three_sensors
98. Line 165, column 26 to line 165, column 111 in three_sensors
99. Line 165, column 26 to line 165, column 88 in three_sensors
100. Line 165, column 26 to line 165, column 75 in three_sensors
101. Line 165, column 26 to line 165, column 63 in three_sensors
102. Line 165, column 26 to line 165, column 52 in three_sensors
103. Line 165, column 26 to line 165, column 33 in three_sensors
104. Line 95, column 13 to line 97, column 22 in three_sensors
105. Line 95, column 17 to line 95, column 152 in three_sensors
106. Line 95, column 17 to line 95, column 122 in three_sensors
107. Line 95, column 17 to line 95, column 75 in three_sensors
108. Line 95, column 17 to line 95, column 28 in three_sensors
109. Line 95, column 17 to line 95, column 26 in three_sensors
110. Line 95, column 17 to line 95, column 25 in three_sensors


@!@!@ENDMSG 2103 @!@!@
@!@!@STARTMSG 2201:0 @!@!@
The coverage statistics at 2023-02-23 21:17:36
@!@!@ENDMSG 2201 @!@!@
@!@!@STARTMSG 2773:0 @!@!@
<init line 179, col 1 to line 179, col 4 of module three_sensors>: 351:351
@!@!@ENDMSG 2773 @!@!@
@!@!@STARTMSG 2221:0 @!@!@
  line 179, col 9 to line 179, col 27 of module three_sensors: 1
@!@!@ENDMSG 2221 @!@!@
@!@!@STARTMSG 2221:0 @!@!@
  line 13, col 17 to line 13, col 48 of module sensor1: 13
@!@!@ENDMSG 2221 @!@!@
@!@!@STARTMSG 2221:0 @!@!@
  line 13, col 64 to line 13, col 92 of module sensor1: 39
@!@!@ENDMSG 2221 @!@!@
@!@!@STARTMSG 2221:0 @!@!@
  |line 9, col 13 to line 11, col 26 of module realWorld: 39
@!@!@ENDMSG 2221 @!@!@
@!@!@STARTMSG 2221:0 @!@!@
  ||line 9, col 18 to line 9, col 26 of module realWorld: 39
@!@!@ENDMSG 2221 @!@!@
@!@!@STARTMSG 2221:0 @!@!@
  ||line 9, col 31 to line 9, col 31 of module realWorld: 1
@!@!@ENDMSG 2221 @!@!@
@!@!@STARTMSG 2221:0 @!@!@
  ||line 10, col 17 to line 10, col 26 of module realWorld: 38
@!@!@ENDMSG 2221 @!@!@
@!@!@STARTMSG 2221:0 @!@!@
  ||line 10, col 31 to line 10, col 32 of module realWorld: 1
@!@!@ENDMSG 2221 @!@!@
@!@!@STARTMSG 2221:0 @!@!@
  ||line 11, col 15 to line 11, col 26 of module realWorld: 37
@!@!@ENDMSG 2221 @!@!@
@!@!@STARTMSG 2221:0 @!@!@
  |line 13, col 66 to line 13, col 71 of module sensor1: 114
@!@!@ENDMSG 2221 @!@!@
@!@!@STARTMSG 2221:0 @!@!@
  |line 13, col 74 to line 13, col 82 of module sensor1: 114
@!@!@ENDMSG 2221 @!@!@
@!@!@STARTMSG 2221:0 @!@!@
  |line 13, col 85 to line 13, col 91 of module sensor1: 39
@!@!@ENDMSG 2221 @!@!@
@!@!@STARTMSG 2221:0 @!@!@
  line 13, col 99 to line 13, col 114 of module sensor1: 39
@!@!@ENDMSG 2221 @!@!@
@!@!@STARTMSG 2221:0 @!@!@
  line 13, col 17 to line 13, col 48 of module sensor2: 39
@!@!@ENDMSG 2221 @!@!@
@!@!@STARTMSG 2221:0 @!@!@
  line 13, col 64 to line 13, col 92 of module sensor2: 117
@!@!@ENDMSG 2221 @!@!@
@!@!@STARTMSG 2221:0 @!@!@
  |line 9, col 13 to line 11, col 26 of module realWorld: 117
@!@!@ENDMSG 2221 @!@!@
@!@!@STARTMSG 2221:0 @!@!@
  ||line 9, col 18 to line 9, col 26 of module realWorld: 117
@!@!@ENDMSG 2221 @!@!@
@!@!@STARTMSG 2221:0 @!@!@
  ||line 9, col 31 to line 9, col 31 of module realWorld: 3
@!@!@ENDMSG 2221 @!@!@
@!@!@STARTMSG 2221:0 @!@!@
  ||line 10, col 17 to line 10, col 26 of module realWorld: 114
@!@!@ENDMSG 2221 @!@!@
@!@!@STARTMSG 2221:0 @!@!@
  ||line 10, col 31 to line 10, col 32 of module realWorld: 3
@!@!@ENDMSG 2221 @!@!@
@!@!@STARTMSG 2221:0 @!@!@
  ||line 11, col 15 to line 11, col 26 of module realWorld: 111
@!@!@ENDMSG 2221 @!@!@
@!@!@STARTMSG 2221:0 @!@!@
  |line 13, col 66 to line 13, col 71 of module sensor2: 342
@!@!@ENDMSG 2221 @!@!@
@!@!@STARTMSG 2221:0 @!@!@
  |line 13, col 74 to line 13, col 82 of module sensor2: 342
@!@!@ENDMSG 2221 @!@!@
@!@!@STARTMSG 2221:0 @!@!@
  |line 13, col 85 to line 13, col 91 of module sensor2: 117
@!@!@ENDMSG 2221 @!@!@
@!@!@STARTMSG 2221:0 @!@!@
  line 13, col 99 to line 13, col 114 of module sensor2: 117
@!@!@ENDMSG 2221 @!@!@
@!@!@STARTMSG 2221:0 @!@!@
  line 13, col 17 to line 13, col 48 of module sensor3: 117
@!@!@ENDMSG 2221 @!@!@
@!@!@STARTMSG 2221:0 @!@!@
  line 13, col 64 to line 13, col 92 of module sensor3: 351
@!@!@ENDMSG 2221 @!@!@
@!@!@STARTMSG 2221:0 @!@!@
  |line 9, col 13 to line 11, col 26 of module realWorld: 351
@!@!@ENDMSG 2221 @!@!@
@!@!@STARTMSG 2221:0 @!@!@
  ||line 9, col 18 to line 9, col 26 of module realWorld: 351
@!@!@ENDMSG 2221 @!@!@
@!@!@STARTMSG 2221:0 @!@!@
  ||line 9, col 31 to line 9, col 31 of module realWorld: 9
@!@!@ENDMSG 2221 @!@!@
@!@!@STARTMSG 2221:0 @!@!@
  ||line 10, col 17 to line 10, col 26 of module realWorld: 342
@!@!@ENDMSG 2221 @!@!@
@!@!@STARTMSG 2221:0 @!@!@
  ||line 10, col 31 to line 10, col 32 of module realWorld: 9
@!@!@ENDMSG 2221 @!@!@
@!@!@STARTMSG 2221:0 @!@!@
  ||line 11, col 15 to line 11, col 26 of module realWorld: 333
@!@!@ENDMSG 2221 @!@!@
@!@!@STARTMSG 2221:0 @!@!@
  |line 13, col 66 to line 13, col 71 of module sensor3: 1026
@!@!@ENDMSG 2221 @!@!@
@!@!@STARTMSG 2221:0 @!@!@
  |line 13, col 74 to line 13, col 82 of module sensor3: 1026
@!@!@ENDMSG 2221 @!@!@
@!@!@STARTMSG 2221:0 @!@!@
  |line 13, col 85 to line 13, col 91 of module sensor3: 351
@!@!@ENDMSG 2221 @!@!@
@!@!@STARTMSG 2221:0 @!@!@
  line 13, col 99 to line 13, col 114 of module sensor3: 351
@!@!@ENDMSG 2221 @!@!@
@!@!@STARTMSG 2772:0 @!@!@
<next line 180, col 1 to line 180, col 4 of module three_sensors>: 0:0
@!@!@ENDMSG 2772 @!@!@
@!@!@STARTMSG 2221:0 @!@!@
  line 7, col 15 to line 7, col 34 of module realWorld: 0
@!@!@ENDMSG 2221 @!@!@
@!@!@STARTMSG 2221:0 @!@!@
  |line 7, col 30 to line 7, col 34 of module realWorld: 3
@!@!@ENDMSG 2221 @!@!@
@!@!@STARTMSG 2221:0 @!@!@
  line 15, col 18 to line 15, col 33 of module sensor1: 0
@!@!@ENDMSG 2221 @!@!@
@!@!@STARTMSG 2221:0 @!@!@
  |line 15, col 30 to line 15, col 33 of module sensor1: 3
@!@!@ENDMSG 2221 @!@!@
@!@!@STARTMSG 2221:0 @!@!@
  line 15, col 40 to line 15, col 56 of module sensor1: 0
@!@!@ENDMSG 2221 @!@!@
@!@!@STARTMSG 2221:0 @!@!@
  |line 15, col 52 to line 15, col 56 of module sensor1: 3
@!@!@ENDMSG 2221 @!@!@
@!@!@STARTMSG 2221:0 @!@!@
  line 15, col 63 to line 15, col 91 of module sensor1: 0
@!@!@ENDMSG 2221 @!@!@
@!@!@STARTMSG 2221:0 @!@!@
  |line 15, col 76 to line 15, col 91 of module sensor1: 3
@!@!@ENDMSG 2221 @!@!@
@!@!@STARTMSG 2221:0 @!@!@
  line 15, col 98 to line 15, col 124 of module sensor1: 3
@!@!@ENDMSG 2221 @!@!@
@!@!@STARTMSG 2221:0 @!@!@
  line 5, col 25 to line 5, col 33 of module sensor1: 3
@!@!@ENDMSG 2221 @!@!@
@!@!@STARTMSG 2221:0 @!@!@
  line 6, col 26 to line 6, col 67 of module sensor1: 0
@!@!@ENDMSG 2221 @!@!@
@!@!@STARTMSG 2221:0 @!@!@
  |line 6, col 37 to line 6, col 67 of module sensor1: 3
@!@!@ENDMSG 2221 @!@!@
@!@!@STARTMSG 2221:0 @!@!@
  ||line 9, col 13 to line 11, col 26 of module realWorld: 3
@!@!@ENDMSG 2221 @!@!@
@!@!@STARTMSG 2221:0 @!@!@
  ||line 6, col 39 to line 6, col 45 of module sensor1: 6
@!@!@ENDMSG 2221 @!@!@
@!@!@STARTMSG 2221:0 @!@!@
  ||line 6, col 48 to line 6, col 57 of module sensor1: 6
@!@!@ENDMSG 2221 @!@!@
@!@!@STARTMSG 2221:0 @!@!@
  ||line 6, col 60 to line 6, col 66 of module sensor1: 3
@!@!@ENDMSG 2221 @!@!@
@!@!@STARTMSG 2221:0 @!@!@
  line 7, col 26 to line 7, col 54 of module sensor1: 0
@!@!@ENDMSG 2221 @!@!@
@!@!@STARTMSG 2221:0 @!@!@
  line 9, col 27 to line 9, col 35 of module sensor1: 3
@!@!@ENDMSG 2221 @!@!@
@!@!@STARTMSG 2221:0 @!@!@
  line 10, col 28 to line 10, col 44 of module sensor1: 0
@!@!@ENDMSG 2221 @!@!@
@!@!@STARTMSG 2221:0 @!@!@
  |line 10, col 41 to line 10, col 44 of module sensor1: 3
@!@!@ENDMSG 2221 @!@!@
@!@!@STARTMSG 2221:0 @!@!@
  line 11, col 28 to line 11, col 55 of module sensor1: 0
@!@!@ENDMSG 2221 @!@!@
@!@!@STARTMSG 2221:0 @!@!@
  line 15, col 18 to line 15, col 33 of module sensor2: 0
@!@!@ENDMSG 2221 @!@!@
@!@!@STARTMSG 2221:0 @!@!@
  |line 15, col 30 to line 15, col 33 of module sensor2: 3
@!@!@ENDMSG 2221 @!@!@
@!@!@STARTMSG 2221:0 @!@!@
  line 15, col 40 to line 15, col 56 of module sensor2: 0
@!@!@ENDMSG 2221 @!@!@
@!@!@STARTMSG 2221:0 @!@!@
  |line 15, col 52 to line 15, col 56 of module sensor2: 3
@!@!@ENDMSG 2221 @!@!@
@!@!@STARTMSG 2221:0 @!@!@
  line 15, col 63 to line 15, col 91 of module sensor2: 0
@!@!@ENDMSG 2221 @!@!@
@!@!@STARTMSG 2221:0 @!@!@
  |line 15, col 76 to line 15, col 91 of module sensor2: 3
@!@!@ENDMSG 2221 @!@!@
@!@!@STARTMSG 2221:0 @!@!@
  line 15, col 98 to line 15, col 124 of module sensor2: 3
@!@!@ENDMSG 2221 @!@!@
@!@!@STARTMSG 2221:0 @!@!@
  line 5, col 25 to line 5, col 33 of module sensor2: 3
@!@!@ENDMSG 2221 @!@!@
@!@!@STARTMSG 2221:0 @!@!@
  line 6, col 26 to line 6, col 67 of module sensor2: 0
@!@!@ENDMSG 2221 @!@!@
@!@!@STARTMSG 2221:0 @!@!@
  |line 6, col 37 to line 6, col 67 of module sensor2: 3
@!@!@ENDMSG 2221 @!@!@
@!@!@STARTMSG 2221:0 @!@!@
  ||line 9, col 13 to line 11, col 26 of module realWorld: 3
@!@!@ENDMSG 2221 @!@!@
@!@!@STARTMSG 2221:0 @!@!@
  ||line 6, col 39 to line 6, col 45 of module sensor2: 6
@!@!@ENDMSG 2221 @!@!@
@!@!@STARTMSG 2221:0 @!@!@
  ||line 6, col 48 to line 6, col 57 of module sensor2: 6
@!@!@ENDMSG 2221 @!@!@
@!@!@STARTMSG 2221:0 @!@!@
  ||line 6, col 60 to line 6, col 66 of module sensor2: 3
@!@!@ENDMSG 2221 @!@!@
@!@!@STARTMSG 2221:0 @!@!@
  line 7, col 26 to line 7, col 54 of module sensor2: 0
@!@!@ENDMSG 2221 @!@!@
@!@!@STARTMSG 2221:0 @!@!@
  line 9, col 27 to line 9, col 35 of module sensor2: 3
@!@!@ENDMSG 2221 @!@!@
@!@!@STARTMSG 2221:0 @!@!@
  line 10, col 28 to line 10, col 44 of module sensor2: 0
@!@!@ENDMSG 2221 @!@!@
@!@!@STARTMSG 2221:0 @!@!@
  |line 10, col 41 to line 10, col 44 of module sensor2: 3
@!@!@ENDMSG 2221 @!@!@
@!@!@STARTMSG 2221:0 @!@!@
  line 11, col 28 to line 11, col 55 of module sensor2: 0
@!@!@ENDMSG 2221 @!@!@
@!@!@STARTMSG 2221:0 @!@!@
  line 15, col 18 to line 15, col 33 of module sensor3: 0
@!@!@ENDMSG 2221 @!@!@
@!@!@STARTMSG 2221:0 @!@!@
  |line 15, col 30 to line 15, col 33 of module sensor3: 3
@!@!@ENDMSG 2221 @!@!@
@!@!@STARTMSG 2221:0 @!@!@
  line 15, col 40 to line 15, col 56 of module sensor3: 0
@!@!@ENDMSG 2221 @!@!@
@!@!@STARTMSG 2221:0 @!@!@
  |line 15, col 52 to line 15, col 56 of module sensor3: 3
@!@!@ENDMSG 2221 @!@!@
@!@!@STARTMSG 2221:0 @!@!@
  line 15, col 63 to line 15, col 91 of module sensor3: 0
@!@!@ENDMSG 2221 @!@!@
@!@!@STARTMSG 2221:0 @!@!@
  |line 15, col 76 to line 15, col 91 of module sensor3: 3
@!@!@ENDMSG 2221 @!@!@
@!@!@STARTMSG 2221:0 @!@!@
  line 15, col 98 to line 15, col 124 of module sensor3: 3
@!@!@ENDMSG 2221 @!@!@
@!@!@STARTMSG 2221:0 @!@!@
  line 5, col 25 to line 5, col 33 of module sensor3: 3
@!@!@ENDMSG 2221 @!@!@
@!@!@STARTMSG 2221:0 @!@!@
  line 6, col 26 to line 6, col 67 of module sensor3: 0
@!@!@ENDMSG 2221 @!@!@
@!@!@STARTMSG 2221:0 @!@!@
  |line 6, col 37 to line 6, col 67 of module sensor3: 3
@!@!@ENDMSG 2221 @!@!@
@!@!@STARTMSG 2221:0 @!@!@
  ||line 9, col 13 to line 11, col 26 of module realWorld: 3
@!@!@ENDMSG 2221 @!@!@
@!@!@STARTMSG 2221:0 @!@!@
  ||line 6, col 39 to line 6, col 45 of module sensor3: 6
@!@!@ENDMSG 2221 @!@!@
@!@!@STARTMSG 2221:0 @!@!@
  ||line 6, col 48 to line 6, col 57 of module sensor3: 6
@!@!@ENDMSG 2221 @!@!@
@!@!@STARTMSG 2221:0 @!@!@
  ||line 6, col 60 to line 6, col 66 of module sensor3: 3
@!@!@ENDMSG 2221 @!@!@
@!@!@STARTMSG 2221:0 @!@!@
  line 7, col 26 to line 7, col 54 of module sensor3: 0
@!@!@ENDMSG 2221 @!@!@
@!@!@STARTMSG 2221:0 @!@!@
  line 9, col 27 to line 9, col 35 of module sensor3: 3
@!@!@ENDMSG 2221 @!@!@
@!@!@STARTMSG 2221:0 @!@!@
  line 10, col 28 to line 10, col 44 of module sensor3: 0
@!@!@ENDMSG 2221 @!@!@
@!@!@STARTMSG 2221:0 @!@!@
  |line 10, col 41 to line 10, col 44 of module sensor3: 3
@!@!@ENDMSG 2221 @!@!@
@!@!@STARTMSG 2221:0 @!@!@
  line 11, col 28 to line 11, col 55 of module sensor3: 0
@!@!@ENDMSG 2221 @!@!@
@!@!@STARTMSG 2221:0 @!@!@
  line 12, col 19 to line 12, col 42 of module three_sensors: 3
@!@!@ENDMSG 2221 @!@!@
@!@!@STARTMSG 2221:0 @!@!@
  line 13, col 21 to line 13, col 35 of module three_sensors: 0
@!@!@ENDMSG 2221 @!@!@
@!@!@STARTMSG 2221:0 @!@!@
  line 16, col 20 to line 16, col 58 of module three_sensors: 3
@!@!@ENDMSG 2221 @!@!@
@!@!@STARTMSG 2221:0 @!@!@
  line 17, col 21 to line 17, col 35 of module three_sensors: 0
@!@!@ENDMSG 2221 @!@!@
@!@!@STARTMSG 2221:0 @!@!@
  |line 17, col 32 to line 17, col 35 of module three_sensors: 3
@!@!@ENDMSG 2221 @!@!@
@!@!@STARTMSG 2221:0 @!@!@
  line 46, col 36 to line 46, col 54 of module three_sensors: 0
@!@!@ENDMSG 2221 @!@!@
@!@!@STARTMSG 2221:0 @!@!@
  line 24, col 19 to line 24, col 42 of module three_sensors: 3
@!@!@ENDMSG 2221 @!@!@
@!@!@STARTMSG 2221:0 @!@!@
  line 25, col 21 to line 25, col 35 of module three_sensors: 0
@!@!@ENDMSG 2221 @!@!@
@!@!@STARTMSG 2221:0 @!@!@
  line 28, col 20 to line 28, col 58 of module three_sensors: 3
@!@!@ENDMSG 2221 @!@!@
@!@!@STARTMSG 2221:0 @!@!@
  line 29, col 21 to line 29, col 35 of module three_sensors: 0
@!@!@ENDMSG 2221 @!@!@
@!@!@STARTMSG 2221:0 @!@!@
  |line 29, col 32 to line 29, col 35 of module three_sensors: 3
@!@!@ENDMSG 2221 @!@!@
@!@!@STARTMSG 2221:0 @!@!@
  line 46, col 73 to line 46, col 91 of module three_sensors: 0
@!@!@ENDMSG 2221 @!@!@
@!@!@STARTMSG 2221:0 @!@!@
  line 36, col 19 to line 36, col 42 of module three_sensors: 3
@!@!@ENDMSG 2221 @!@!@
@!@!@STARTMSG 2221:0 @!@!@
  line 37, col 21 to line 37, col 35 of module three_sensors: 0
@!@!@ENDMSG 2221 @!@!@
@!@!@STARTMSG 2221:0 @!@!@
  line 40, col 20 to line 40, col 58 of module three_sensors: 3
@!@!@ENDMSG 2221 @!@!@
@!@!@STARTMSG 2221:0 @!@!@
  line 41, col 21 to line 41, col 35 of module three_sensors: 0
@!@!@ENDMSG 2221 @!@!@
@!@!@STARTMSG 2221:0 @!@!@
  |line 41, col 32 to line 41, col 35 of module three_sensors: 3
@!@!@ENDMSG 2221 @!@!@
@!@!@STARTMSG 2221:0 @!@!@
  line 46, col 110 to line 46, col 128 of module three_sensors: 0
@!@!@ENDMSG 2221 @!@!@
@!@!@STARTMSG 2221:0 @!@!@
  line 61, col 23 to line 61, col 70 of module three_sensors: 3
@!@!@ENDMSG 2221 @!@!@
@!@!@STARTMSG 2221:0 @!@!@
  line 62, col 24 to line 62, col 47 of module three_sensors: 0
@!@!@ENDMSG 2221 @!@!@
@!@!@STARTMSG 2221:0 @!@!@
  |line 62, col 37 to line 62, col 47 of module three_sensors: 3
@!@!@ENDMSG 2221 @!@!@
@!@!@STARTMSG 2221:0 @!@!@
  line 89, col 63 to line 89, col 81 of module three_sensors: 0
@!@!@ENDMSG 2221 @!@!@
@!@!@STARTMSG 2221:0 @!@!@
  line 65, col 23 to line 65, col 70 of module three_sensors: 3
@!@!@ENDMSG 2221 @!@!@
@!@!@STARTMSG 2221:0 @!@!@
  line 66, col 24 to line 66, col 47 of module three_sensors: 0
@!@!@ENDMSG 2221 @!@!@
@!@!@STARTMSG 2221:0 @!@!@
  |line 66, col 37 to line 66, col 47 of module three_sensors: 3
@!@!@ENDMSG 2221 @!@!@
@!@!@STARTMSG 2221:0 @!@!@
  line 90, col 63 to line 90, col 81 of module three_sensors: 0
@!@!@ENDMSG 2221 @!@!@
@!@!@STARTMSG 2221:0 @!@!@
  line 69, col 23 to line 69, col 70 of module three_sensors: 3
@!@!@ENDMSG 2221 @!@!@
@!@!@STARTMSG 2221:0 @!@!@
  line 70, col 24 to line 70, col 47 of module three_sensors: 0
@!@!@ENDMSG 2221 @!@!@
@!@!@STARTMSG 2221:0 @!@!@
  |line 70, col 37 to line 70, col 47 of module three_sensors: 3
@!@!@ENDMSG 2221 @!@!@
@!@!@STARTMSG 2221:0 @!@!@
  line 91, col 63 to line 91, col 81 of module three_sensors: 0
@!@!@ENDMSG 2221 @!@!@
@!@!@STARTMSG 2221:0 @!@!@
  line 95, col 17 to line 95, col 152 of module three_sensors: 3
@!@!@ENDMSG 2221 @!@!@
@!@!@STARTMSG 2221:0 @!@!@
  line 96, col 18 to line 96, col 42 of module three_sensors: 0
@!@!@ENDMSG 2221 @!@!@
@!@!@STARTMSG 2221:0 @!@!@
  line 110, col 25 to line 110, col 38 of module three_sensors: 0
@!@!@ENDMSG 2221 @!@!@
@!@!@STARTMSG 2221:0 @!@!@
  line 124, col 20 to line 124, col 31 of module three_sensors: 0
@!@!@ENDMSG 2221 @!@!@
@!@!@STARTMSG 2221:0 @!@!@
  line 138, col 18 to line 138, col 41 of module three_sensors: 0
@!@!@ENDMSG 2221 @!@!@
@!@!@STARTMSG 2221:0 @!@!@
  line 152, col 18 to line 152, col 31 of module three_sensors: 0
@!@!@ENDMSG 2221 @!@!@
@!@!@STARTMSG 2221:0 @!@!@
  line 165, col 93 to line 165, col 111 of module three_sensors: 0
@!@!@ENDMSG 2221 @!@!@
@!@!@STARTMSG 2221:0 @!@!@
  line 100, col 18 to line 100, col 42 of module three_sensors: 0
@!@!@ENDMSG 2221 @!@!@
@!@!@STARTMSG 2221:0 @!@!@
  line 114, col 25 to line 114, col 38 of module three_sensors: 0
@!@!@ENDMSG 2221 @!@!@
@!@!@STARTMSG 2221:0 @!@!@
  line 128, col 20 to line 128, col 31 of module three_sensors: 0
@!@!@ENDMSG 2221 @!@!@
@!@!@STARTMSG 2221:0 @!@!@
  line 142, col 18 to line 142, col 41 of module three_sensors: 0
@!@!@ENDMSG 2221 @!@!@
@!@!@STARTMSG 2221:0 @!@!@
  line 156, col 18 to line 156, col 31 of module three_sensors: 0
@!@!@ENDMSG 2221 @!@!@
@!@!@STARTMSG 2221:0 @!@!@
  line 166, col 93 to line 166, col 111 of module three_sensors: 0
@!@!@ENDMSG 2221 @!@!@
@!@!@STARTMSG 2221:0 @!@!@
  line 104, col 18 to line 104, col 42 of module three_sensors: 0
@!@!@ENDMSG 2221 @!@!@
@!@!@STARTMSG 2221:0 @!@!@
  line 118, col 25 to line 118, col 38 of module three_sensors: 0
@!@!@ENDMSG 2221 @!@!@
@!@!@STARTMSG 2221:0 @!@!@
  line 132, col 20 to line 132, col 31 of module three_sensors: 0
@!@!@ENDMSG 2221 @!@!@
@!@!@STARTMSG 2221:0 @!@!@
  line 146, col 18 to line 146, col 41 of module three_sensors: 0
@!@!@ENDMSG 2221 @!@!@
@!@!@STARTMSG 2221:0 @!@!@
  line 160, col 18 to line 160, col 31 of module three_sensors: 0
@!@!@ENDMSG 2221 @!@!@
@!@!@STARTMSG 2221:0 @!@!@
  line 167, col 93 to line 167, col 111 of module three_sensors: 0
@!@!@ENDMSG 2221 @!@!@
@!@!@STARTMSG 2221:0 @!@!@
  line 50, col 22 to line 50, col 36 of module three_sensors: 0
@!@!@ENDMSG 2221 @!@!@
@!@!@STARTMSG 2221:0 @!@!@
  line 50, col 41 to line 50, col 55 of module three_sensors: 0
@!@!@ENDMSG 2221 @!@!@
@!@!@STARTMSG 2221:0 @!@!@
  line 50, col 60 to line 50, col 74 of module three_sensors: 0
@!@!@ENDMSG 2221 @!@!@
@!@!@STARTMSG 2221:0 @!@!@
  line 50, col 79 to line 50, col 90 of module three_sensors: 0
@!@!@ENDMSG 2221 @!@!@
@!@!@STARTMSG 2221:0 @!@!@
  line 51, col 22 to line 51, col 37 of module three_sensors: 0
@!@!@ENDMSG 2221 @!@!@
@!@!@STARTMSG 2221:0 @!@!@
  line 51, col 42 to line 51, col 56 of module three_sensors: 0
@!@!@ENDMSG 2221 @!@!@
@!@!@STARTMSG 2221:0 @!@!@
  line 51, col 61 to line 51, col 75 of module three_sensors: 0
@!@!@ENDMSG 2221 @!@!@
@!@!@STARTMSG 2221:0 @!@!@
  line 51, col 80 to line 51, col 91 of module three_sensors: 0
@!@!@ENDMSG 2221 @!@!@
@!@!@STARTMSG 2221:0 @!@!@
  line 52, col 22 to line 52, col 36 of module three_sensors: 0
@!@!@ENDMSG 2221 @!@!@
@!@!@STARTMSG 2221:0 @!@!@
  line 52, col 41 to line 52, col 56 of module three_sensors: 0
@!@!@ENDMSG 2221 @!@!@
@!@!@STARTMSG 2221:0 @!@!@
  line 52, col 61 to line 52, col 75 of module three_sensors: 0
@!@!@ENDMSG 2221 @!@!@
@!@!@STARTMSG 2221:0 @!@!@
  line 52, col 80 to line 52, col 91 of module three_sensors: 0
@!@!@ENDMSG 2221 @!@!@
@!@!@STARTMSG 2221:0 @!@!@
  line 53, col 22 to line 53, col 36 of module three_sensors: 0
@!@!@ENDMSG 2221 @!@!@
@!@!@STARTMSG 2221:0 @!@!@
  line 53, col 41 to line 53, col 55 of module three_sensors: 0
@!@!@ENDMSG 2221 @!@!@
@!@!@STARTMSG 2221:0 @!@!@
  line 53, col 60 to line 53, col 75 of module three_sensors: 0
@!@!@ENDMSG 2221 @!@!@
@!@!@STARTMSG 2221:0 @!@!@
  line 53, col 80 to line 53, col 91 of module three_sensors: 0
@!@!@ENDMSG 2221 @!@!@
@!@!@STARTMSG 2221:0 @!@!@
  line 54, col 22 to line 54, col 36 of module three_sensors: 0
@!@!@ENDMSG 2221 @!@!@
@!@!@STARTMSG 2221:0 @!@!@
  line 54, col 41 to line 54, col 56 of module three_sensors: 0
@!@!@ENDMSG 2221 @!@!@
@!@!@STARTMSG 2221:0 @!@!@
  line 54, col 61 to line 54, col 76 of module three_sensors: 0
@!@!@ENDMSG 2221 @!@!@
@!@!@STARTMSG 2221:0 @!@!@
  line 54, col 81 to line 54, col 92 of module three_sensors: 0
@!@!@ENDMSG 2221 @!@!@
@!@!@STARTMSG 2221:0 @!@!@
  line 55, col 22 to line 55, col 37 of module three_sensors: 0
@!@!@ENDMSG 2221 @!@!@
@!@!@STARTMSG 2221:0 @!@!@
  line 55, col 42 to line 55, col 56 of module three_sensors: 0
@!@!@ENDMSG 2221 @!@!@
@!@!@STARTMSG 2221:0 @!@!@
  line 55, col 61 to line 55, col 76 of module three_sensors: 0
@!@!@ENDMSG 2221 @!@!@
@!@!@STARTMSG 2221:0 @!@!@
  line 55, col 81 to line 55, col 92 of module three_sensors: 0
@!@!@ENDMSG 2221 @!@!@
@!@!@STARTMSG 2221:0 @!@!@
  line 56, col 22 to line 56, col 37 of module three_sensors: 0
@!@!@ENDMSG 2221 @!@!@
@!@!@STARTMSG 2221:0 @!@!@
  line 56, col 42 to line 56, col 57 of module three_sensors: 0
@!@!@ENDMSG 2221 @!@!@
@!@!@STARTMSG 2221:0 @!@!@
  line 56, col 62 to line 56, col 76 of module three_sensors: 0
@!@!@ENDMSG 2221 @!@!@
@!@!@STARTMSG 2221:0 @!@!@
  line 56, col 81 to line 56, col 92 of module three_sensors: 0
@!@!@ENDMSG 2221 @!@!@
@!@!@STARTMSG 2221:0 @!@!@
  line 57, col 22 to line 57, col 37 of module three_sensors: 0
@!@!@ENDMSG 2221 @!@!@
@!@!@STARTMSG 2221:0 @!@!@
  line 57, col 42 to line 57, col 57 of module three_sensors: 0
@!@!@ENDMSG 2221 @!@!@
@!@!@STARTMSG 2221:0 @!@!@
  line 57, col 62 to line 57, col 77 of module three_sensors: 0
@!@!@ENDMSG 2221 @!@!@
@!@!@STARTMSG 2221:0 @!@!@
  line 57, col 82 to line 57, col 93 of module three_sensors: 0
@!@!@ENDMSG 2221 @!@!@
@!@!@STARTMSG 2221:0 @!@!@
  line 172, col 41 to line 172, col 57 of module three_sensors: 0
@!@!@ENDMSG 2221 @!@!@
@!@!@STARTMSG 2221:0 @!@!@
  line 173, col 140 to line 173, col 156 of module three_sensors: 0
@!@!@ENDMSG 2221 @!@!@
@!@!@STARTMSG 2221:0 @!@!@
  line 174, col 141 to line 174, col 158 of module three_sensors: 0
@!@!@ENDMSG 2221 @!@!@
@!@!@STARTMSG 2221:0 @!@!@
  line 175, col 41 to line 175, col 57 of module three_sensors: 0
@!@!@ENDMSG 2221 @!@!@
@!@!@STARTMSG 2221:0 @!@!@
  line 176, col 41 to line 176, col 58 of module three_sensors: 0
@!@!@ENDMSG 2221 @!@!@
@!@!@STARTMSG 2202:0 @!@!@
End of statistics.
@!@!@ENDMSG 2202 @!@!@
@!@!@STARTMSG 2200:0 @!@!@
Progress(1) at 2023-02-23 21:17:36: 351 states generated (20,347 s/min), 351 distinct states found (20,347 ds/min), 349 states left on queue.
@!@!@ENDMSG 2200 @!@!@
@!@!@STARTMSG 2199:0 @!@!@
351 states generated, 351 distinct states found, 349 states left on queue.
@!@!@ENDMSG 2199 @!@!@
@!@!@STARTMSG 2186:0 @!@!@
Finished in 1039ms at (2023-02-23 21:17:36)
@!@!@ENDMSG 2186 @!@!@
